<?xml version="1.0" encoding="UTF-8"?>
<!-- Generated by org.testng.reporters.JUnitReportReporter -->
<testsuite skipped="0" hostname="SONY-PC" name="Mercurymvndemo" tests="2" failures="0" timestamp="24 Nov 2018 07:32:46 GMT" time="97.953" errors="0">
  <testcase name="Maximize" time="1.301" classname="Mercurymvndemo"/>
  <testcase name="Loginwithvaliddetalis" time="96.652" classname="Mercurymvndemo"/>
</testsuite> <!-- Mercurymvndemo -->
